<?xml version="1.0" encoding="UTF-8"?>
<!-- Generated by org.testng.reporters.JUnitReportReporter -->
<testsuite hostname="Patel-G" failures="0" tests="1" name="Arrays.UsingDoWhileLoop" time="0.014" errors="0" timestamp="2024-07-17T15:22:21 IST" skipped="0">
  <testcase classname="Arrays.UsingDoWhileLoop" name="usingDoWhileLoop_Boolean" time="0.014"/>
  <system-out/>
</testsuite> <!-- Arrays.UsingDoWhileLoop -->
