<?xml version="1.0" encoding="UTF-8"?>
<!-- Generated by org.testng.reporters.JUnitReportReporter -->
<testsuite hostname="Patel-G" failures="0" tests="1" name="Arrays.StringArrayProgram" time="33.357" errors="0" timestamp="2024-07-17T11:50:30 IST" skipped="0">
  <testcase classname="Arrays.StringArrayProgram" name="insertUsingforLoop" time="33.357"/>
  <system-out/>
</testsuite> <!-- Arrays.StringArrayProgram -->
