<?xml version="1.0" encoding="UTF-8"?>
<!-- Generated by org.testng.reporters.JUnitReportReporter -->
<testsuite hostname="Patel-G" failures="0" tests="1" name="Sets.HashSetPrograms" time="0.019" errors="0" timestamp="2024-07-24T10:28:48 IST" skipped="0">
  <testcase classname="Sets.HashSetPrograms" name="addElements3" time="0.019"/>
  <system-out/>
</testsuite> <!-- Sets.HashSetPrograms -->
