<?xml version="1.0" encoding="UTF-8"?>
<!-- Generated by org.testng.reporters.JUnitReportReporter -->
<testsuite hostname="Patel-G" failures="0" tests="1" name="Arrays.Array" time="0.012" errors="0" timestamp="2024-07-17T13:41:07 IST" skipped="0">
  <testcase classname="Arrays.Array" name="usingForEachLoop" time="0.012"/>
  <system-out/>
</testsuite> <!-- Arrays.Array -->
