<?xml version="1.0" encoding="UTF-8"?>
<!-- Generated by org.testng.reporters.JUnitReportReporter -->
<testsuite hostname="Patel-G" failures="0" tests="1" name="MatricsArray.MatricsArray" time="0.021" errors="0" timestamp="2024-07-19T12:17:08 IST" skipped="0">
  <testcase classname="MatricsArray.MatricsArray" name="twoByTwo" time="0.021"/>
  <system-out/>
</testsuite> <!-- MatricsArray.MatricsArray -->
