<?xml version="1.0" encoding="UTF-8"?>
<!-- Generated by org.testng.reporters.JUnitReportReporter -->
<testsuite hostname="Patel-G" failures="0" tests="1" name="Numbers.Palindrome" time="4.902" errors="0" timestamp="2024-07-18T18:44:31 IST" skipped="0">
  <testcase classname="Numbers.Palindrome" name="palindrome3" time="4.902"/>
  <system-out/>
</testsuite> <!-- Numbers.Palindrome -->
