<?xml version="1.0" encoding="UTF-8"?>
<!-- Generated by org.testng.reporters.JUnitReportReporter -->
<testsuite hostname="Patel-G" failures="0" tests="1" name="ArrayPrograms.LengthOfArray" time="0.016" errors="0" timestamp="2024-07-17T18:47:20 IST" skipped="0">
  <testcase classname="ArrayPrograms.LengthOfArray" name="leftShiftArray" time="0.016"/>
  <system-out/>
</testsuite> <!-- ArrayPrograms.LengthOfArray -->
