<?xml version="1.0" encoding="UTF-8"?>
<!-- Generated by org.testng.reporters.JUnitReportReporter -->
<testsuite hostname="Patel-G" failures="0" tests="1" name="Patterns.Hearts" time="0.015" errors="0" timestamp="2024-07-17T21:54:22 IST" skipped="0">
  <testcase classname="Patterns.Hearts" name="heartPattern" time="0.015"/>
  <system-out/>
</testsuite> <!-- Patterns.Hearts -->
