<?xml version="1.0" encoding="UTF-8"?>
<!-- Generated by org.testng.reporters.JUnitReportReporter -->
<testsuite hostname="Patel-G" failures="0" tests="1" name="CollectionsPrograms.LinkedListPrograms" time="0.009" errors="0" timestamp="2024-07-23T21:40:09 IST" skipped="0">
  <testcase classname="CollectionsPrograms.LinkedListPrograms" name="indexOfElementsOfLinkedlist" time="0.009"/>
  <system-out/>
</testsuite> <!-- CollectionsPrograms.LinkedListPrograms -->
