<?xml version="1.0" encoding="UTF-8"?>
<!-- Generated by org.testng.reporters.JUnitReportReporter -->
<testsuite hostname="Patel-G" failures="0" tests="1" name="MatricsArray.Transpose" time="0.011" errors="0" timestamp="2024-07-19T13:07:06 IST" skipped="0">
  <testcase classname="MatricsArray.Transpose" name="transposeOfMatrix" time="0.011"/>
  <system-out/>
</testsuite> <!-- MatricsArray.Transpose -->
