<?xml version="1.0" encoding="UTF-8"?>
<!-- Generated by org.testng.reporters.JUnitReportReporter -->
<testsuite hostname="Patel-G" failures="0" tests="1" name="Collections.ArrayListPrograms" time="0.015" errors="0" timestamp="2024-07-23T16:58:28 IST" skipped="0">
  <testcase classname="Collections.ArrayListPrograms" name="sizeOfArrayList" time="0.015"/>
  <system-out/>
</testsuite> <!-- Collections.ArrayListPrograms -->
