<?xml version="1.0" encoding="UTF-8"?>
<!-- Generated by org.testng.reporters.JUnitReportReporter -->
<testsuite hostname="Patel-G" failures="0" tests="1" name="StringPromrams.StringPrograms" time="0.017" errors="0" timestamp="2024-07-22T22:41:07 IST" skipped="0">
  <testcase classname="StringPromrams.StringPrograms" name="lasrgestPalindrome" time="0.017"/>
  <system-out/>
</testsuite> <!-- StringPromrams.StringPrograms -->
