<?xml version="1.0" encoding="UTF-8"?>
<!-- Generated by org.testng.reporters.JUnitReportReporter -->
<testsuite hostname="Patel-G" failures="0" tests="1" name="Arrays.CharArrayProgram" time="0.016" errors="0" timestamp="2024-07-17T15:11:50 IST" skipped="0">
  <testcase classname="Arrays.CharArrayProgram" name="usingForLoop" time="0.016"/>
  <system-out/>
</testsuite> <!-- Arrays.CharArrayProgram -->
