<?xml version="1.0" encoding="UTF-8"?>
<!-- Generated by org.testng.reporters.JUnitReportReporter -->
<testsuite hostname="Patel-G" failures="0" tests="1" name="Numbers.OddNumbers" time="0.019" errors="0" timestamp="2024-07-18T17:12:16 IST" skipped="0">
  <testcase classname="Numbers.OddNumbers" name="primeNumber" time="0.019"/>
  <system-out/>
</testsuite> <!-- Numbers.OddNumbers -->
