<?xml version="1.0" encoding="UTF-8"?>
<!-- Generated by org.testng.reporters.JUnitReportReporter -->
<testsuite hostname="Patel-G" failures="0" tests="1" name="Numbers.Fibbonacci" time="0.016" errors="0" timestamp="2024-07-19T09:37:53 IST" skipped="0">
  <testcase classname="Numbers.Fibbonacci" name="fibbonacci" time="0.016"/>
  <system-out/>
</testsuite> <!-- Numbers.Fibbonacci -->
