<?xml version="1.0" encoding="UTF-8"?>
<!-- Generated by org.testng.reporters.JUnitReportReporter -->
<testsuite hostname="Patel-G" failures="0" tests="1" name="List.ArrayListPrograms" time="0.017" errors="0" timestamp="2024-07-24T10:56:19 IST" skipped="0">
  <testcase classname="List.ArrayListPrograms" name="addElementsToArrayList5" time="0.017"/>
  <system-out/>
</testsuite> <!-- List.ArrayListPrograms -->
