<?xml version="1.0" encoding="UTF-8"?>
<!-- Generated by org.testng.reporters.JUnitReportReporter -->
<testsuite hostname="Patel-G" failures="0" tests="1" name="Arrays.ArrayProgram1" time="0.010" errors="0" timestamp="2024-07-17T10:07:41 IST" skipped="0">
  <testcase classname="Arrays.ArrayProgram1" name="usingDoWhileLoop" time="0.010"/>
  <system-out/>
</testsuite> <!-- Arrays.ArrayProgram1 -->
