<?xml version="1.0" encoding="UTF-8"?>
<!-- Generated by org.testng.reporters.JUnitReportReporter -->
<testsuite hostname="Patel-G" failures="0" tests="1" name="MatricsArray.Subtraction" time="0.015" errors="0" timestamp="2024-07-19T13:18:56 IST" skipped="0">
  <testcase classname="MatricsArray.Subtraction" name="subtractionOfMatrics" time="0.015"/>
  <system-out/>
</testsuite> <!-- MatricsArray.Subtraction -->
