<?xml version="1.0" encoding="UTF-8"?>
<!-- Generated by org.testng.reporters.JUnitReportReporter -->
<testsuite hostname="Patel-G" failures="0" tests="1" name="Arrays.BooleanArrayProgram" time="14.900" errors="0" timestamp="2024-07-17T11:54:29 IST" skipped="0">
  <testcase classname="Arrays.BooleanArrayProgram" name="insertUsingforLoop" time="14.900"/>
  <system-out/>
</testsuite> <!-- Arrays.BooleanArrayProgram -->
