<?xml version="1.0" encoding="UTF-8"?>
<!-- Generated by org.testng.reporters.JUnitReportReporter -->
<testsuite hostname="Patel-G" failures="0" tests="1" name="Arrays.IntArrayProgram1" time="0.014" errors="0" timestamp="2024-07-17T13:19:22 IST" skipped="0">
  <testcase classname="Arrays.IntArrayProgram1" name="usingForLoop" time="0.014"/>
  <system-out/>
</testsuite> <!-- Arrays.IntArrayProgram1 -->
