<?xml version="1.0" encoding="UTF-8"?>
<!-- Generated by org.testng.reporters.JUnitReportReporter -->
<testsuite hostname="Patel-G" failures="0" tests="1" name="MatricsArray.Create2D_Array" time="0.023" errors="0" timestamp="2024-07-23T17:46:13 IST" skipped="0">
  <testcase classname="MatricsArray.Create2D_Array" name="create2D_Array" time="0.023"/>
  <system-out/>
</testsuite> <!-- MatricsArray.Create2D_Array -->
