<?xml version="1.0" encoding="UTF-8"?>
<!-- Generated by org.testng.reporters.JUnitReportReporter -->
<testsuite hostname="Patel-G" failures="0" tests="1" name="ArrayPrograms.ArrayPrograms" time="0.018" errors="0" timestamp="2024-07-23T18:04:54 IST" skipped="0">
  <testcase classname="ArrayPrograms.ArrayPrograms" name="removeDuplicatesfromArray" time="0.018"/>
  <system-out/>
</testsuite> <!-- ArrayPrograms.ArrayPrograms -->
