<?xml version="1.0" encoding="UTF-8"?>
<!-- Generated by org.testng.reporters.JUnitReportReporter -->
<testsuite hostname="Patel-G" failures="0" tests="1" name="Numbers.PrimeNumbers" time="0.017" errors="0" timestamp="2024-07-18T17:15:05 IST" skipped="0">
  <testcase classname="Numbers.PrimeNumbers" name="primeNumber" time="0.017"/>
  <system-out/>
</testsuite> <!-- Numbers.PrimeNumbers -->
